[2017-06-22 17:53:49 -0400] [42526] [INFO] Starting gunicorn 19.6.0
[2017-06-22 17:53:49 -0400] [42526] [INFO] Listening at: http://0.0.0.0:5000 (42526)
[2017-06-22 17:53:49 -0400] [42526] [INFO] Using worker: gevent
[2017-06-22 17:53:49 -0400] [42529] [INFO] Booting worker with pid: 42529
[2017-06-22 17:54:41 -0400] [42529] [ERROR] Error handling request /api/v0/user/44/ml_app/40/test
Traceback (most recent call last):
  File "/Users/nailanur/dev/sqwak-api/env/lib/python2.7/site-packages/gunicorn/workers/async.py", line 52, in handle
    self.handle_request(listener_name, req, client, addr)
  File "/Users/nailanur/dev/sqwak-api/env/lib/python2.7/site-packages/gunicorn/workers/ggevent.py", line 152, in handle_request
    super(GeventWorker, self).handle_request(*args)
  File "/Users/nailanur/dev/sqwak-api/env/lib/python2.7/site-packages/gunicorn/workers/async.py", line 103, in handle_request
    respiter = self.wsgi(environ, resp.start_response)
  File "/Users/nailanur/dev/sqwak-api/env/lib/python2.7/site-packages/flask/app.py", line 1994, in __call__
    return self.wsgi_app(environ, start_response)
  File "/Users/nailanur/dev/sqwak-api/env/lib/python2.7/site-packages/flask/app.py", line 1985, in wsgi_app
    response = self.handle_exception(e)
  File "/Users/nailanur/dev/sqwak-api/env/lib/python2.7/site-packages/flask_cors/extension.py", line 161, in wrapped_function
    return cors_after_request(app.make_response(f(*args, **kwargs)))
  File "/Users/nailanur/dev/sqwak-api/env/lib/python2.7/site-packages/flask/app.py", line 1540, in handle_exception
    reraise(exc_type, exc_value, tb)
  File "/Users/nailanur/dev/sqwak-api/env/lib/python2.7/site-packages/flask/app.py", line 1982, in wsgi_app
    response = self.full_dispatch_request()
  File "/Users/nailanur/dev/sqwak-api/env/lib/python2.7/site-packages/flask/app.py", line 1614, in full_dispatch_request
    rv = self.handle_user_exception(e)
  File "/Users/nailanur/dev/sqwak-api/env/lib/python2.7/site-packages/flask_cors/extension.py", line 161, in wrapped_function
    return cors_after_request(app.make_response(f(*args, **kwargs)))
  File "/Users/nailanur/dev/sqwak-api/env/lib/python2.7/site-packages/flask/app.py", line 1517, in handle_user_exception
    reraise(exc_type, exc_value, tb)
  File "/Users/nailanur/dev/sqwak-api/env/lib/python2.7/site-packages/flask/app.py", line 1612, in full_dispatch_request
    rv = self.dispatch_request()
  File "/Users/nailanur/dev/sqwak-api/env/lib/python2.7/site-packages/flask/app.py", line 1598, in dispatch_request
    return self.view_functions[rule.endpoint](**req.view_args)
  File "/Users/nailanur/dev/sqwak-api/sqwak/routes/ml_app.py", line 82, in test
    features = feature_extractor.extract(amps, sample_rate)
  File "/Users/nailanur/dev/sqwak-api/sqwak/services/feature_extractor.py", line 16, in extract
    mfcc_mat = librosa.feature.mfcc(y=amps, sr=sample_rate, n_fft=n_fft, hop_length=hop_length, n_mfcc=40)
  File "/Users/nailanur/dev/sqwak-api/env/lib/python2.7/site-packages/librosa/feature/spectral.py", line 1251, in mfcc
    S = logamplitude(melspectrogram(y=y, sr=sr, **kwargs))
  File "/Users/nailanur/dev/sqwak-api/env/lib/python2.7/site-packages/librosa/feature/spectral.py", line 1328, in melspectrogram
    power=2)
  File "/Users/nailanur/dev/sqwak-api/env/lib/python2.7/site-packages/librosa/core/spectrum.py", line 1015, in _spectrogram
    S = np.abs(stft(y, n_fft=n_fft, hop_length=hop_length))**power
  File "/Users/nailanur/dev/sqwak-api/env/lib/python2.7/site-packages/librosa/core/spectrum.py", line 163, in stft
    util.valid_audio(y)
  File "/Users/nailanur/dev/sqwak-api/env/lib/python2.7/site-packages/librosa/util/utils.py", line 147, in valid_audio
    raise ParameterError('data must be of type numpy.ndarray')
ParameterError: data must be of type numpy.ndarray
[2017-06-22 17:58:52 -0400] [42529] [ERROR] Error handling request /api/v0/user/44/ml_app/40/test
Traceback (most recent call last):
  File "/Users/nailanur/dev/sqwak-api/env/lib/python2.7/site-packages/gunicorn/workers/async.py", line 52, in handle
    self.handle_request(listener_name, req, client, addr)
  File "/Users/nailanur/dev/sqwak-api/env/lib/python2.7/site-packages/gunicorn/workers/ggevent.py", line 152, in handle_request
    super(GeventWorker, self).handle_request(*args)
  File "/Users/nailanur/dev/sqwak-api/env/lib/python2.7/site-packages/gunicorn/workers/async.py", line 103, in handle_request
    respiter = self.wsgi(environ, resp.start_response)
  File "/Users/nailanur/dev/sqwak-api/env/lib/python2.7/site-packages/flask/app.py", line 1994, in __call__
    return self.wsgi_app(environ, start_response)
  File "/Users/nailanur/dev/sqwak-api/env/lib/python2.7/site-packages/flask/app.py", line 1985, in wsgi_app
    response = self.handle_exception(e)
  File "/Users/nailanur/dev/sqwak-api/env/lib/python2.7/site-packages/flask_cors/extension.py", line 161, in wrapped_function
    return cors_after_request(app.make_response(f(*args, **kwargs)))
  File "/Users/nailanur/dev/sqwak-api/env/lib/python2.7/site-packages/flask/app.py", line 1540, in handle_exception
    reraise(exc_type, exc_value, tb)
  File "/Users/nailanur/dev/sqwak-api/env/lib/python2.7/site-packages/flask/app.py", line 1982, in wsgi_app
    response = self.full_dispatch_request()
  File "/Users/nailanur/dev/sqwak-api/env/lib/python2.7/site-packages/flask/app.py", line 1614, in full_dispatch_request
    rv = self.handle_user_exception(e)
  File "/Users/nailanur/dev/sqwak-api/env/lib/python2.7/site-packages/flask_cors/extension.py", line 161, in wrapped_function
    return cors_after_request(app.make_response(f(*args, **kwargs)))
  File "/Users/nailanur/dev/sqwak-api/env/lib/python2.7/site-packages/flask/app.py", line 1517, in handle_user_exception
    reraise(exc_type, exc_value, tb)
  File "/Users/nailanur/dev/sqwak-api/env/lib/python2.7/site-packages/flask/app.py", line 1612, in full_dispatch_request
    rv = self.dispatch_request()
  File "/Users/nailanur/dev/sqwak-api/env/lib/python2.7/site-packages/flask/app.py", line 1598, in dispatch_request
    return self.view_functions[rule.endpoint](**req.view_args)
  File "/Users/nailanur/dev/sqwak-api/sqwak/routes/ml_app.py", line 82, in test
    features = feature_extractor.extract(amps, sample_rate)
  File "/Users/nailanur/dev/sqwak-api/sqwak/services/feature_extractor.py", line 16, in extract
    mfcc_mat = librosa.feature.mfcc(y=amps, sr=sample_rate, n_fft=n_fft, hop_length=hop_length, n_mfcc=40)
  File "/Users/nailanur/dev/sqwak-api/env/lib/python2.7/site-packages/librosa/feature/spectral.py", line 1251, in mfcc
    S = logamplitude(melspectrogram(y=y, sr=sr, **kwargs))
  File "/Users/nailanur/dev/sqwak-api/env/lib/python2.7/site-packages/librosa/feature/spectral.py", line 1328, in melspectrogram
    power=2)
  File "/Users/nailanur/dev/sqwak-api/env/lib/python2.7/site-packages/librosa/core/spectrum.py", line 1015, in _spectrogram
    S = np.abs(stft(y, n_fft=n_fft, hop_length=hop_length))**power
  File "/Users/nailanur/dev/sqwak-api/env/lib/python2.7/site-packages/librosa/core/spectrum.py", line 163, in stft
    util.valid_audio(y)
  File "/Users/nailanur/dev/sqwak-api/env/lib/python2.7/site-packages/librosa/util/utils.py", line 147, in valid_audio
    raise ParameterError('data must be of type numpy.ndarray')
ParameterError: data must be of type numpy.ndarray
[2017-06-22 18:03:15 -0400] [42526] [INFO] Handling signal: term
[2017-06-22 18:03:16 -0400] [42529] [INFO] Worker exiting (pid: 42529)
[2017-06-22 18:03:16 -0400] [42526] [INFO] Shutting down: Master
[2017-06-22 18:03:30 -0400] [42796] [INFO] Starting gunicorn 19.6.0
[2017-06-22 18:03:30 -0400] [42796] [INFO] Listening at: http://0.0.0.0:5000 (42796)
[2017-06-22 18:03:30 -0400] [42796] [INFO] Using worker: gevent
[2017-06-22 18:03:30 -0400] [42799] [INFO] Booting worker with pid: 42799
[2017-06-22 18:04:27 -0400] [42796] [INFO] Handling signal: term
[2017-06-22 18:04:27 -0400] [42799] [INFO] Worker exiting (pid: 42799)
[2017-06-22 18:04:27 -0400] [42796] [INFO] Shutting down: Master
[2017-06-22 18:04:28 -0400] [42846] [INFO] Starting gunicorn 19.6.0
[2017-06-22 18:04:28 -0400] [42846] [INFO] Listening at: http://0.0.0.0:5000 (42846)
[2017-06-22 18:04:28 -0400] [42846] [INFO] Using worker: gevent
[2017-06-22 18:04:28 -0400] [42849] [INFO] Booting worker with pid: 42849
[2017-06-22 18:05:31 -0400] [42846] [INFO] Handling signal: term
[2017-06-22 18:05:31 -0400] [42849] [INFO] Worker exiting (pid: 42849)
[2017-06-22 18:05:32 -0400] [42846] [INFO] Shutting down: Master
